01/08/2021 12:15:43 PM - [INFO] - (jvl_measurement.py).log_message(291) - Initialising Program
01/08/2021 12:15:43 PM - [INFO] - (jvl_measurement.py).log_message(291) - Global Settings Read from File
01/08/2021 12:15:43 PM - [INFO] - (jvl_measurement.py).log_message(291) - Program ready
01/08/2021 12:24:05 PM - [INFO] - (jvl_measurement.py).log_message(291) - Initialising Program
01/08/2021 12:24:05 PM - [INFO] - (jvl_measurement.py).log_message(291) - Global Settings Read from File
01/08/2021 12:24:05 PM - [INFO] - (jvl_measurement.py).log_message(291) - Program ready
01/08/2021 12:24:23 PM - [INFO] - (jvl_measurement.py).log_message(291) - Switched to tab widget no. 3
01/08/2021 12:24:26 PM - [INFO] - (jvl_measurement.py).log_message(291) - Global Settings Read from File
01/08/2021 12:24:32 PM - [INFO] - (jvl_measurement.py).log_message(291) - Global Settings Read from File
01/08/2021 12:34:01 PM - [INFO] - (jvl_measurement.py).log_message(291) - Initialising Program
01/08/2021 12:34:01 PM - [INFO] - (jvl_measurement.py).log_message(291) - Global Settings Read from File
01/08/2021 12:34:01 PM - [INFO] - (jvl_measurement.py).log_message(291) - Program ready
01/08/2021 12:34:12 PM - [INFO] - (jvl_measurement.py).log_message(291) - Switched to tab widget no. 3
01/08/2021 12:34:15 PM - [INFO] - (jvl_measurement.py).log_message(291) - Global Settings Read from File
01/08/2021 12:35:06 PM - [INFO] - (jvl_measurement.py).log_message(291) - Initialising Program
01/08/2021 12:35:06 PM - [INFO] - (jvl_measurement.py).log_message(291) - Global Settings Read from File
01/08/2021 12:35:06 PM - [INFO] - (jvl_measurement.py).log_message(291) - Program ready
01/08/2021 12:35:09 PM - [INFO] - (jvl_measurement.py).log_message(291) - Switched to tab widget no. 3
01/08/2021 12:35:12 PM - [INFO] - (jvl_measurement.py).log_message(291) - Global Settings Read from File
01/08/2021 12:35:12 PM - [INFO] - (jvl_measurement.py).log_message(291) - Motor is moving
01/08/2021 12:35:53 PM - [INFO] - (jvl_measurement.py).log_message(291) - Initialising Program
01/08/2021 12:35:53 PM - [INFO] - (jvl_measurement.py).log_message(291) - Global Settings Read from File
01/08/2021 12:35:53 PM - [INFO] - (jvl_measurement.py).log_message(291) - Program ready
01/08/2021 12:35:54 PM - [INFO] - (jvl_measurement.py).log_message(291) - Switched to tab widget no. 3
01/08/2021 12:35:58 PM - [INFO] - (jvl_measurement.py).log_message(291) - Global Settings Read from File
01/08/2021 12:35:58 PM - [INFO] - (jvl_measurement.py).log_message(291) - Motor is moving
01/08/2021 12:37:07 PM - [INFO] - (jvl_measurement.py).log_message(291) - Initialising Program
01/08/2021 12:37:07 PM - [INFO] - (jvl_measurement.py).log_message(291) - Global Settings Read from File
01/08/2021 12:37:07 PM - [INFO] - (jvl_measurement.py).log_message(291) - Program ready
01/08/2021 12:37:08 PM - [INFO] - (jvl_measurement.py).log_message(291) - Switched to tab widget no. 3
01/08/2021 12:37:12 PM - [INFO] - (jvl_measurement.py).log_message(291) - Global Settings Read from File
01/08/2021 12:37:12 PM - [INFO] - (jvl_measurement.py).log_message(291) - Motor is moving
01/08/2021 12:37:40 PM - [INFO] - (jvl_measurement.py).log_message(291) - Initialising Program
01/08/2021 12:37:40 PM - [INFO] - (jvl_measurement.py).log_message(291) - Global Settings Read from File
01/08/2021 12:37:40 PM - [INFO] - (jvl_measurement.py).log_message(291) - Program ready
01/08/2021 12:37:41 PM - [INFO] - (jvl_measurement.py).log_message(291) - Switched to tab widget no. 3
01/08/2021 12:37:44 PM - [INFO] - (jvl_measurement.py).log_message(291) - Global Settings Read from File
01/08/2021 12:37:44 PM - [INFO] - (jvl_measurement.py).log_message(291) - Motor is moving
01/08/2021 12:37:58 PM - [INFO] - (jvl_measurement.py).log_message(291) - Global Settings Read from File
01/08/2021 12:37:58 PM - [INFO] - (jvl_measurement.py).log_message(291) - Motor is moving
01/08/2021 12:38:12 PM - [INFO] - (jvl_measurement.py).log_message(291) - Global Settings Read from File
01/08/2021 12:38:12 PM - [INFO] - (jvl_measurement.py).log_message(291) - Motor is moving
01/08/2021 12:38:17 PM - [INFO] - (jvl_measurement.py).log_message(291) - Global Settings Read from File
01/08/2021 12:38:17 PM - [INFO] - (jvl_measurement.py).log_message(291) - Motor is moving
01/08/2021 12:38:22 PM - [INFO] - (jvl_measurement.py).log_message(291) - Global Settings Read from File
01/08/2021 12:38:22 PM - [INFO] - (jvl_measurement.py).log_message(291) - Motor is moving
01/08/2021 01:31:50 PM - [INFO] - (jvl_measurement.py).log_message(291) - Initialising Program
01/08/2021 01:31:50 PM - [INFO] - (jvl_measurement.py).log_message(291) - Global Settings Read from File
01/08/2021 01:31:50 PM - [INFO] - (jvl_measurement.py).log_message(291) - Program ready
01/08/2021 01:31:51 PM - [INFO] - (jvl_measurement.py).log_message(291) - Switched to tab widget no. 3
01/08/2021 01:31:54 PM - [INFO] - (jvl_measurement.py).log_message(291) - Global Settings Read from File
01/08/2021 01:31:54 PM - [INFO] - (jvl_measurement.py).log_message(291) - Motor is moving
01/08/2021 01:32:05 PM - [INFO] - (jvl_measurement.py).log_message(291) - Global Settings Read from File
01/08/2021 01:32:05 PM - [INFO] - (jvl_measurement.py).log_message(291) - Motor is moving
01/08/2021 01:33:19 PM - [INFO] - (jvl_measurement.py).log_message(291) - Initialising Program
01/08/2021 01:33:19 PM - [INFO] - (jvl_measurement.py).log_message(291) - Global Settings Read from File
01/08/2021 01:33:19 PM - [INFO] - (jvl_measurement.py).log_message(291) - Program ready
01/08/2021 01:33:35 PM - [INFO] - (jvl_measurement.py).log_message(291) - Switched to tab widget no. 3
01/08/2021 01:33:38 PM - [INFO] - (jvl_measurement.py).log_message(291) - Global Settings Read from File
01/08/2021 01:33:38 PM - [INFO] - (jvl_measurement.py).log_message(291) - Motor is moving
01/08/2021 01:35:54 PM - [INFO] - (jvl_measurement.py).log_message(291) - Initialising Program
01/08/2021 01:35:54 PM - [INFO] - (jvl_measurement.py).log_message(291) - Global Settings Read from File
01/08/2021 01:35:54 PM - [INFO] - (jvl_measurement.py).log_message(291) - Program ready
01/08/2021 01:36:09 PM - [INFO] - (jvl_measurement.py).log_message(291) - Switched to tab widget no. 3
01/08/2021 01:36:11 PM - [INFO] - (jvl_measurement.py).log_message(291) - Global Settings Read from File
01/08/2021 01:36:11 PM - [INFO] - (jvl_measurement.py).log_message(291) - Motor is moving
01/08/2021 01:36:20 PM - [INFO] - (jvl_measurement.py).log_message(291) - Motor moved to 5.0 °
01/08/2021 01:36:31 PM - [INFO] - (jvl_measurement.py).log_message(291) - Global Settings Read from File
01/08/2021 01:36:31 PM - [INFO] - (jvl_measurement.py).log_message(291) - Motor is moving
01/08/2021 01:36:32 PM - [INFO] - (jvl_measurement.py).log_message(291) - Motor moved to 6.0 °
01/08/2021 01:36:49 PM - [INFO] - (jvl_measurement.py).log_message(291) - Global Settings Read from File
01/08/2021 01:36:49 PM - [INFO] - (jvl_measurement.py).log_message(291) - Motor is moving
01/08/2021 01:37:41 PM - [INFO] - (jvl_measurement.py).log_message(291) - Global Settings Read from File
01/08/2021 01:37:41 PM - [INFO] - (jvl_measurement.py).log_message(291) - Motor is moving
01/08/2021 01:39:37 PM - [INFO] - (jvl_measurement.py).log_message(291) - Initialising Program
01/08/2021 01:39:37 PM - [INFO] - (jvl_measurement.py).log_message(291) - Global Settings Read from File
01/08/2021 01:39:37 PM - [INFO] - (jvl_measurement.py).log_message(291) - Program ready
01/08/2021 01:39:40 PM - [INFO] - (jvl_measurement.py).log_message(291) - Switched to tab widget no. 3
01/08/2021 01:39:43 PM - [INFO] - (jvl_measurement.py).log_message(291) - Global Settings Read from File
01/08/2021 01:39:43 PM - [INFO] - (jvl_measurement.py).log_message(291) - Motor is moving
01/08/2021 01:40:54 PM - [INFO] - (jvl_measurement.py).log_message(291) - Motor moved to 5.0 °
01/08/2021 01:42:45 PM - [INFO] - (jvl_measurement.py).log_message(291) - Global Settings Read from File
01/08/2021 01:42:45 PM - [INFO] - (jvl_measurement.py).log_message(291) - Motor is moving
01/08/2021 01:43:23 PM - [INFO] - (jvl_measurement.py).log_message(291) - Global Settings Read from File
01/08/2021 01:43:23 PM - [INFO] - (jvl_measurement.py).log_message(291) - Motor is moving
01/08/2021 01:43:26 PM - [INFO] - (jvl_measurement.py).log_message(291) - Motor moved to 15.0 °
01/08/2021 01:44:50 PM - [INFO] - (jvl_measurement.py).log_message(291) - Initialising Program
01/08/2021 01:44:50 PM - [INFO] - (jvl_measurement.py).log_message(291) - Global Settings Read from File
01/08/2021 01:44:50 PM - [INFO] - (jvl_measurement.py).log_message(291) - Program ready
01/08/2021 01:45:09 PM - [INFO] - (jvl_measurement.py).log_message(291) - Initialising Program
01/08/2021 01:45:09 PM - [INFO] - (jvl_measurement.py).log_message(291) - Global Settings Read from File
01/08/2021 01:45:09 PM - [INFO] - (jvl_measurement.py).log_message(291) - Program ready
01/08/2021 01:45:11 PM - [INFO] - (jvl_measurement.py).log_message(291) - Switched to tab widget no. 3
01/08/2021 01:45:13 PM - [INFO] - (jvl_measurement.py).log_message(291) - Global Settings Read from File
01/08/2021 01:45:13 PM - [INFO] - (jvl_measurement.py).log_message(291) - Motor is moving
01/08/2021 01:45:16 PM - [INFO] - (jvl_measurement.py).log_message(291) - Motor moved to 5.0 °
01/08/2021 01:45:25 PM - [INFO] - (jvl_measurement.py).log_message(291) - Global Settings Read from File
01/08/2021 01:45:25 PM - [INFO] - (jvl_measurement.py).log_message(291) - Motor is moving
01/08/2021 01:45:25 PM - [INFO] - (jvl_measurement.py).log_message(291) - Motor moved to 2.0 °
01/08/2021 01:45:29 PM - [INFO] - (jvl_measurement.py).log_message(291) - Global Settings Read from File
01/08/2021 01:45:29 PM - [INFO] - (jvl_measurement.py).log_message(291) - Motor is moving
01/08/2021 01:45:29 PM - [INFO] - (jvl_measurement.py).log_message(291) - Motor moved to 0.0 °
01/08/2021 01:45:38 PM - [INFO] - (jvl_measurement.py).log_message(291) - Global Settings Read from File
01/08/2021 01:45:38 PM - [INFO] - (jvl_measurement.py).log_message(291) - Motor is moving
01/08/2021 01:46:41 PM - [INFO] - (jvl_measurement.py).log_message(291) - Global Settings Read from File
01/08/2021 01:46:41 PM - [INFO] - (jvl_measurement.py).log_message(291) - Motor is moving
01/08/2021 01:47:17 PM - [INFO] - (jvl_measurement.py).log_message(291) - Motor moved to 175.0 °
01/08/2021 01:47:29 PM - [INFO] - (jvl_measurement.py).log_message(291) - Global Settings Read from File
01/08/2021 01:47:29 PM - [INFO] - (jvl_measurement.py).log_message(291) - Motor is moving
01/08/2021 01:48:04 PM - [INFO] - (jvl_measurement.py).log_message(291) - Motor moved to 4.0 °
01/08/2021 01:50:05 PM - [INFO] - (main.py).log_message(291) - Initialising Program
01/08/2021 01:50:05 PM - [INFO] - (main.py).log_message(291) - Global Settings Read from File
01/08/2021 01:50:05 PM - [INFO] - (main.py).log_message(291) - Program ready
01/08/2021 01:50:09 PM - [INFO] - (main.py).log_message(291) - Switched to tab widget no. 3
01/08/2021 01:50:17 PM - [INFO] - (main.py).log_message(291) - Global Settings Read from File
01/08/2021 01:50:17 PM - [INFO] - (main.py).log_message(291) - Motor is moving
01/08/2021 01:50:18 PM - [INFO] - (main.py).log_message(291) - Motor moved to 5.0 °
01/08/2021 01:50:27 PM - [INFO] - (main.py).log_message(291) - Global Settings Read from File
01/08/2021 01:50:27 PM - [INFO] - (main.py).log_message(291) - Motor is moving
01/08/2021 01:50:40 PM - [INFO] - (main.py).log_message(291) - Global Settings Read from File
01/08/2021 01:50:40 PM - [INFO] - (main.py).log_message(291) - Motor is moving
01/08/2021 01:50:42 PM - [INFO] - (main.py).log_message(291) - Motor moved to 0.0 °
01/08/2021 01:50:57 PM - [INFO] - (main.py).log_message(291) - Global Settings Read from File
01/08/2021 01:50:57 PM - [INFO] - (main.py).log_message(291) - Motor is moving
01/08/2021 01:51:01 PM - [INFO] - (main.py).log_message(291) - Motor moved to 20.0 °
01/08/2021 01:51:17 PM - [INFO] - (main.py).log_message(291) - Global Settings Read from File
01/08/2021 01:51:17 PM - [INFO] - (main.py).log_message(291) - Motor is moving
01/08/2021 01:51:19 PM - [INFO] - (main.py).log_message(291) - Motor moved to 30.0 °
01/08/2021 01:51:31 PM - [INFO] - (main.py).log_message(291) - Global Settings Read from File
01/08/2021 01:51:31 PM - [INFO] - (main.py).log_message(291) - Motor is moving
01/08/2021 01:51:33 PM - [INFO] - (main.py).log_message(291) - Motor moved to 40.0 °
01/08/2021 01:53:20 PM - [INFO] - (main.py).log_message(291) - Initialising Program
01/08/2021 01:53:20 PM - [INFO] - (main.py).log_message(291) - Global Settings Read from File
01/08/2021 01:53:20 PM - [INFO] - (main.py).log_message(291) - Program ready
01/08/2021 01:53:22 PM - [INFO] - (main.py).log_message(291) - Switched to tab widget no. 3
01/08/2021 01:53:26 PM - [INFO] - (main.py).log_message(291) - Global Settings Read from File
01/08/2021 01:53:26 PM - [INFO] - (main.py).log_message(291) - Motor is moving
01/08/2021 01:53:33 PM - [INFO] - (main.py).log_message(291) - Motor moved to 10.0 °
01/08/2021 01:54:15 PM - [INFO] - (main.py).log_message(291) - Global Settings Read from File
01/08/2021 01:54:15 PM - [INFO] - (main.py).log_message(291) - Motor is moving
01/08/2021 01:54:15 PM - [INFO] - (main.py).log_message(291) - Motor moved to 10.0 °
01/08/2021 01:54:24 PM - [INFO] - (main.py).log_message(291) - Global Settings Read from File
01/08/2021 01:54:24 PM - [INFO] - (main.py).log_message(291) - Motor is moving
01/08/2021 01:54:46 PM - [INFO] - (main.py).log_message(291) - Global Settings Read from File
01/08/2021 01:54:46 PM - [INFO] - (main.py).log_message(291) - Motor is moving
01/08/2021 02:01:40 PM - [INFO] - (main.py).log_message(291) - Initialising Program
01/08/2021 02:01:40 PM - [INFO] - (main.py).log_message(291) - Global Settings Read from File
01/08/2021 02:01:40 PM - [INFO] - (main.py).log_message(291) - Program ready
01/08/2021 02:01:42 PM - [INFO] - (main.py).log_message(291) - Switched to tab widget no. 3
01/08/2021 02:01:45 PM - [INFO] - (main.py).log_message(291) - Global Settings Read from File
01/08/2021 02:01:45 PM - [INFO] - (main.py).log_message(291) - Motor is moving
01/08/2021 02:01:45 PM - [INFO] - (main.py).log_message(291) - Motor moved to 5.0 °
01/08/2021 02:01:52 PM - [INFO] - (main.py).log_message(291) - Global Settings Read from File
01/08/2021 02:01:52 PM - [INFO] - (main.py).log_message(291) - Motor is moving
01/08/2021 02:01:54 PM - [INFO] - (main.py).log_message(291) - Motor moved to 10.0 °
01/08/2021 02:02:04 PM - [INFO] - (main.py).log_message(291) - Global Settings Read from File
01/08/2021 02:02:04 PM - [INFO] - (main.py).log_message(291) - Motor is moving
01/08/2021 02:02:14 PM - [INFO] - (main.py).log_message(291) - Global Settings Read from File
01/08/2021 02:02:14 PM - [INFO] - (main.py).log_message(291) - Motor is moving
01/08/2021 02:06:32 PM - [INFO] - (main.py).log_message(291) - Initialising Program
01/08/2021 02:06:32 PM - [INFO] - (main.py).log_message(291) - Global Settings Read from File
01/08/2021 02:06:32 PM - [INFO] - (main.py).log_message(291) - Program ready
01/08/2021 02:06:34 PM - [INFO] - (main.py).log_message(291) - Switched to tab widget no. 3
01/08/2021 02:06:38 PM - [INFO] - (main.py).log_message(291) - Global Settings Read from File
01/08/2021 02:06:38 PM - [INFO] - (main.py).log_message(291) - Motor is moving
01/08/2021 02:06:38 PM - [INFO] - (main.py).log_message(291) - Motor moved to 5.0 °
01/08/2021 02:06:45 PM - [INFO] - (main.py).log_message(291) - Global Settings Read from File
01/08/2021 02:06:45 PM - [INFO] - (main.py).log_message(291) - Motor is moving
01/08/2021 02:06:46 PM - [INFO] - (main.py).log_message(291) - Motor moved to 10.0 °
01/08/2021 02:06:51 PM - [INFO] - (main.py).log_message(291) - Global Settings Read from File
01/08/2021 02:06:51 PM - [INFO] - (main.py).log_message(291) - Motor is moving
01/08/2021 02:06:54 PM - [INFO] - (main.py).log_message(291) - Motor moved to 20.0 °
01/08/2021 02:07:14 PM - [INFO] - (main.py).log_message(291) - Global Settings Read from File
01/08/2021 02:07:14 PM - [INFO] - (main.py).log_message(291) - Motor is moving
01/08/2021 02:08:29 PM - [INFO] - (main.py).log_message(291) - Initialising Program
01/08/2021 02:08:29 PM - [INFO] - (main.py).log_message(291) - Global Settings Read from File
01/08/2021 02:08:29 PM - [INFO] - (main.py).log_message(291) - Program ready
01/08/2021 02:08:31 PM - [INFO] - (main.py).log_message(291) - Switched to tab widget no. 3
01/08/2021 02:08:33 PM - [INFO] - (main.py).log_message(291) - Global Settings Read from File
01/08/2021 02:08:33 PM - [INFO] - (main.py).log_message(291) - Motor is moving
01/08/2021 02:08:46 PM - [INFO] - (main.py).log_message(291) - Motor moved to 10.0 °
01/08/2021 02:09:02 PM - [INFO] - (main.py).log_message(291) - Global Settings Read from File
01/08/2021 02:09:02 PM - [INFO] - (main.py).log_message(291) - Motor is moving
01/08/2021 02:09:07 PM - [INFO] - (main.py).log_message(291) - Motor moved to -10.0 °
01/08/2021 02:10:46 PM - [INFO] - (main.py).log_message(291) - Initialising Program
01/08/2021 02:10:46 PM - [INFO] - (main.py).log_message(291) - Global Settings Read from File
01/08/2021 02:10:46 PM - [INFO] - (main.py).log_message(291) - Program ready
01/08/2021 02:10:48 PM - [INFO] - (main.py).log_message(291) - Switched to tab widget no. 3
01/08/2021 02:10:53 PM - [INFO] - (main.py).log_message(291) - Global Settings Read from File
01/08/2021 02:13:40 PM - [INFO] - (main.py).log_message(291) - Initialising Program
01/08/2021 02:13:40 PM - [INFO] - (main.py).log_message(291) - Global Settings Read from File
01/08/2021 02:13:40 PM - [INFO] - (main.py).log_message(291) - Program ready
01/08/2021 02:13:59 PM - [INFO] - (main.py).log_message(291) - Switched to tab widget no. 3
01/08/2021 02:14:08 PM - [INFO] - (main.py).log_message(291) - Global Settings Read from File
01/08/2021 02:14:08 PM - [INFO] - (main.py).log_message(291) - Motor is moving
01/08/2021 02:14:12 PM - [INFO] - (main.py).log_message(291) - Motor moved to 20.0 °
01/08/2021 02:14:25 PM - [INFO] - (main.py).log_message(291) - Global Settings Read from File
01/08/2021 02:14:25 PM - [INFO] - (main.py).log_message(291) - Motor is moving
01/08/2021 02:14:26 PM - [INFO] - (main.py).log_message(291) - Motor moved to 20.0 °
01/08/2021 02:14:30 PM - [INFO] - (main.py).log_message(291) - Global Settings Read from File
01/08/2021 02:14:30 PM - [INFO] - (main.py).log_message(291) - Motor is moving
01/08/2021 02:14:34 PM - [INFO] - (main.py).log_message(291) - Motor moved to 0.0 °
01/08/2021 02:14:37 PM - [INFO] - (main.py).log_message(291) - Global Settings Read from File
01/08/2021 02:14:37 PM - [INFO] - (main.py).log_message(291) - Motor is moving
01/08/2021 02:14:40 PM - [INFO] - (main.py).log_message(291) - Motor moved to -10.0 °
01/08/2021 02:14:46 PM - [INFO] - (main.py).log_message(291) - Global Settings Read from File
01/08/2021 02:14:46 PM - [INFO] - (main.py).log_message(291) - Motor is moving
01/08/2021 02:15:27 PM - [INFO] - (main.py).log_message(291) - Global Settings Read from File
01/08/2021 02:15:27 PM - [INFO] - (main.py).log_message(291) - Motor is moving
01/08/2021 02:15:28 PM - [INFO] - (main.py).log_message(291) - Motor moved to 175.0 °
01/08/2021 02:15:36 PM - [INFO] - (main.py).log_message(291) - Global Settings Read from File
01/08/2021 02:15:36 PM - [INFO] - (main.py).log_message(291) - Motor is moving
01/08/2021 02:15:38 PM - [INFO] - (main.py).log_message(291) - Motor moved to 180.0 °
01/08/2021 02:15:45 PM - [INFO] - (main.py).log_message(291) - Global Settings Read from File
01/08/2021 02:15:45 PM - [INFO] - (main.py).log_message(291) - Motor is moving
01/08/2021 02:16:12 PM - [INFO] - (main.py).log_message(291) - Motor moved to 50.0 °
01/08/2021 02:16:18 PM - [INFO] - (main.py).log_message(291) - Switched to tab widget no. 0
01/08/2021 02:16:29 PM - [INFO] - (main.py).log_message(291) - Switched to tab widget no. 3
01/08/2021 02:16:41 PM - [INFO] - (main.py).log_message(291) - Setup parameters read
01/08/2021 02:16:41 PM - [INFO] - (main.py).log_message(291) - Autotube paremeters read
01/08/2021 02:16:41 PM - [INFO] - (main.py).log_message(291) - Goniometer parameters read
01/08/2021 02:16:41 PM - [INFO] - (main.py).log_message(291) - Global Settings Read from File
01/08/2021 02:16:41 PM - [INFO] - (main.py).log_message(291) - Goniometer measurement started
01/08/2021 02:17:11 PM - [INFO] - (main.py).log_message(291) - Moved to home position
01/08/2021 02:17:11 PM - [INFO] - (main.py).log_message(291) - Keithley source initialised as voltage source
01/08/2021 02:17:11 PM - [INFO] - (main.py).log_message(291) - Specific voltages measured
01/08/2021 02:17:11 PM - [INFO] - (main.py).log_message(291) - Motor moved to minimum angle: 0 °
01/08/2021 02:17:42 PM - [INFO] - (main.py).log_message(291) - Calibration spectrum measured
01/08/2021 02:17:43 PM - [INFO] - (main.py).log_message(291) - Moved to angle 0.0 °
01/08/2021 02:17:44 PM - [INFO] - (main.py).log_message(291) - Goniometer Measurement Plotted
01/08/2021 02:17:45 PM - [INFO] - (main.py).log_message(291) - Moved to angle 1.0 °
01/08/2021 02:17:47 PM - [INFO] - (main.py).log_message(291) - Goniometer Measurement Plotted
01/08/2021 02:17:48 PM - [INFO] - (main.py).log_message(291) - Moved to angle 2.0 °
01/08/2021 02:17:50 PM - [INFO] - (main.py).log_message(291) - Goniometer Measurement Plotted
01/08/2021 02:17:51 PM - [INFO] - (main.py).log_message(291) - Moved to angle 3.0 °
01/08/2021 02:17:53 PM - [INFO] - (main.py).log_message(291) - Goniometer Measurement Plotted
01/08/2021 02:17:54 PM - [INFO] - (main.py).log_message(291) - Moved to angle 4.0 °
01/08/2021 02:17:56 PM - [INFO] - (main.py).log_message(291) - Goniometer Measurement Plotted
01/08/2021 02:17:57 PM - [INFO] - (main.py).log_message(291) - Moved to angle 5.0 °
01/08/2021 02:18:00 PM - [INFO] - (main.py).log_message(291) - Goniometer Measurement Plotted
01/08/2021 02:18:00 PM - [INFO] - (main.py).log_message(291) - Moved to angle 6.0 °
01/08/2021 02:18:03 PM - [INFO] - (main.py).log_message(291) - Goniometer Measurement Plotted
01/08/2021 02:18:03 PM - [INFO] - (main.py).log_message(291) - Moved to angle 7.0 °
01/08/2021 02:18:06 PM - [INFO] - (main.py).log_message(291) - Goniometer Measurement Plotted
01/08/2021 02:18:07 PM - [INFO] - (main.py).log_message(291) - Moved to angle 8.0 °
01/08/2021 02:18:09 PM - [INFO] - (main.py).log_message(291) - Goniometer Measurement Plotted
01/08/2021 02:18:10 PM - [INFO] - (main.py).log_message(291) - Moved to angle 9.0 °
01/08/2021 02:18:12 PM - [INFO] - (main.py).log_message(291) - Goniometer Measurement Plotted
01/08/2021 02:18:13 PM - [INFO] - (main.py).log_message(291) - Moved to angle 10.0 °
01/08/2021 02:18:15 PM - [INFO] - (main.py).log_message(291) - Goniometer Measurement Plotted
01/08/2021 02:18:16 PM - [INFO] - (main.py).log_message(291) - Moved to angle 11.0 °
01/08/2021 02:18:18 PM - [INFO] - (main.py).log_message(291) - Goniometer Measurement Plotted
01/08/2021 02:18:19 PM - [INFO] - (main.py).log_message(291) - Moved to angle 12.0 °
01/08/2021 02:18:21 PM - [INFO] - (main.py).log_message(291) - Goniometer Measurement Plotted
01/08/2021 02:18:22 PM - [INFO] - (main.py).log_message(291) - Moved to angle 13.0 °
01/08/2021 02:18:24 PM - [INFO] - (main.py).log_message(291) - Goniometer Measurement Plotted
01/08/2021 02:18:25 PM - [INFO] - (main.py).log_message(291) - Moved to angle 14.0 °
01/08/2021 02:18:27 PM - [INFO] - (main.py).log_message(291) - Goniometer Measurement Plotted
01/08/2021 02:18:28 PM - [INFO] - (main.py).log_message(291) - Moved to angle 15.0 °
01/08/2021 02:18:30 PM - [INFO] - (main.py).log_message(291) - Goniometer Measurement Plotted
01/08/2021 02:18:31 PM - [INFO] - (main.py).log_message(291) - Moved to angle 16.0 °
01/08/2021 02:18:33 PM - [INFO] - (main.py).log_message(291) - Goniometer Measurement Plotted
01/08/2021 02:18:34 PM - [INFO] - (main.py).log_message(291) - Moved to angle 17.0 °
01/08/2021 02:18:36 PM - [INFO] - (main.py).log_message(291) - Goniometer Measurement Plotted
01/08/2021 02:18:37 PM - [INFO] - (main.py).log_message(291) - Moved to angle 18.0 °
01/08/2021 02:18:39 PM - [INFO] - (main.py).log_message(291) - Goniometer Measurement Plotted
01/08/2021 02:18:40 PM - [INFO] - (main.py).log_message(291) - Moved to angle 19.0 °
01/08/2021 02:18:42 PM - [INFO] - (main.py).log_message(291) - Goniometer Measurement Plotted
01/08/2021 02:18:43 PM - [INFO] - (main.py).log_message(291) - Moved to angle 20.0 °
01/08/2021 02:18:45 PM - [INFO] - (main.py).log_message(291) - Goniometer Measurement Plotted
01/08/2021 02:18:46 PM - [INFO] - (main.py).log_message(291) - Moved to angle 21.0 °
01/08/2021 02:18:49 PM - [INFO] - (main.py).log_message(291) - Goniometer Measurement Plotted
01/08/2021 02:18:49 PM - [INFO] - (main.py).log_message(291) - Moved to angle 22.0 °
01/08/2021 02:18:52 PM - [INFO] - (main.py).log_message(291) - Goniometer Measurement Plotted
01/08/2021 02:18:53 PM - [INFO] - (main.py).log_message(291) - Moved to angle 23.0 °
01/08/2021 02:18:55 PM - [INFO] - (main.py).log_message(291) - Goniometer Measurement Plotted
01/08/2021 02:18:56 PM - [INFO] - (main.py).log_message(291) - Moved to angle 24.0 °
01/08/2021 02:18:58 PM - [INFO] - (main.py).log_message(291) - Goniometer Measurement Plotted
01/08/2021 02:18:59 PM - [INFO] - (main.py).log_message(291) - Moved to angle 25.0 °
01/08/2021 02:19:01 PM - [INFO] - (main.py).log_message(291) - Goniometer Measurement Plotted
01/08/2021 02:19:02 PM - [INFO] - (main.py).log_message(291) - Moved to angle 26.0 °
01/08/2021 02:19:04 PM - [INFO] - (main.py).log_message(291) - Goniometer Measurement Plotted
01/08/2021 02:19:05 PM - [INFO] - (main.py).log_message(291) - Moved to angle 27.0 °
01/08/2021 02:19:07 PM - [INFO] - (main.py).log_message(291) - Goniometer Measurement Plotted
01/08/2021 02:19:08 PM - [INFO] - (main.py).log_message(291) - Moved to angle 28.0 °
01/08/2021 02:19:10 PM - [INFO] - (main.py).log_message(291) - Goniometer Measurement Plotted
01/08/2021 02:19:11 PM - [INFO] - (main.py).log_message(291) - Moved to angle 29.0 °
01/08/2021 02:19:13 PM - [INFO] - (main.py).log_message(291) - Goniometer Measurement Plotted
01/08/2021 02:19:14 PM - [INFO] - (main.py).log_message(291) - Moved to angle 30.0 °
01/08/2021 02:19:16 PM - [INFO] - (main.py).log_message(291) - Goniometer Measurement Plotted
01/08/2021 02:19:17 PM - [INFO] - (main.py).log_message(291) - Moved to angle 31.0 °
01/08/2021 02:19:19 PM - [INFO] - (main.py).log_message(291) - Goniometer Measurement Plotted
01/08/2021 02:19:20 PM - [INFO] - (main.py).log_message(291) - Moved to angle 32.0 °
01/08/2021 02:19:22 PM - [INFO] - (main.py).log_message(291) - Goniometer Measurement Plotted
01/08/2021 02:19:23 PM - [INFO] - (main.py).log_message(291) - Moved to angle 33.0 °
01/08/2021 02:19:25 PM - [INFO] - (main.py).log_message(291) - Goniometer Measurement Plotted
01/08/2021 02:19:26 PM - [INFO] - (main.py).log_message(291) - Moved to angle 34.0 °
01/08/2021 02:19:28 PM - [INFO] - (main.py).log_message(291) - Goniometer Measurement Plotted
01/08/2021 02:19:29 PM - [INFO] - (main.py).log_message(291) - Moved to angle 35.0 °
01/08/2021 02:19:32 PM - [INFO] - (main.py).log_message(291) - Goniometer Measurement Plotted
01/08/2021 02:19:32 PM - [INFO] - (main.py).log_message(291) - Moved to angle 36.0 °
01/08/2021 02:19:35 PM - [INFO] - (main.py).log_message(291) - Goniometer Measurement Plotted
01/08/2021 02:19:36 PM - [INFO] - (main.py).log_message(291) - Moved to angle 37.0 °
01/08/2021 02:19:38 PM - [INFO] - (main.py).log_message(291) - Goniometer Measurement Plotted
01/08/2021 02:21:05 PM - [INFO] - (main.py).log_message(291) - Initialising Program
01/08/2021 02:21:05 PM - [INFO] - (main.py).log_message(291) - Global Settings Read from File
01/08/2021 02:21:05 PM - [INFO] - (main.py).log_message(291) - Program ready
01/08/2021 02:21:13 PM - [INFO] - (main.py).log_message(291) - Switched to tab widget no. 3
01/08/2021 02:21:23 PM - [INFO] - (main.py).log_message(291) - Global Settings Read from File
01/08/2021 02:21:23 PM - [INFO] - (main.py).log_message(291) - Motor is moving
01/08/2021 02:21:56 PM - [INFO] - (main.py).log_message(291) - Global Settings Read from File
01/08/2021 02:21:56 PM - [INFO] - (main.py).log_message(291) - Motor is moving
01/08/2021 02:22:06 PM - [INFO] - (main.py).log_message(291) - Motor moved to 10.0 °
01/08/2021 02:22:18 PM - [INFO] - (main.py).log_message(291) - Global Settings Read from File
01/08/2021 02:22:18 PM - [INFO] - (main.py).log_message(291) - Motor is moving
01/08/2021 02:22:21 PM - [INFO] - (main.py).log_message(291) - Motor moved to 10.0 °
01/08/2021 02:29:24 PM - [INFO] - (main.py).log_message(296) - Initialising Program
01/08/2021 02:29:24 PM - [INFO] - (main.py).log_message(296) - Global Settings Read from File
01/08/2021 02:29:28 PM - [INFO] - (main.py).log_message(296) - Program ready
01/08/2021 02:30:29 PM - [INFO] - (main.py).log_message(296) - Switched to tab widget no. 3
01/08/2021 02:30:33 PM - [INFO] - (main.py).log_message(296) - Global Settings Read from File
01/08/2021 02:30:33 PM - [INFO] - (main.py).log_message(296) - Motor is moving
01/08/2021 02:30:44 PM - [INFO] - (main.py).log_message(296) - Motor moved to 90.0 °
01/08/2021 02:30:53 PM - [INFO] - (main.py).log_message(296) - Global Settings Read from File
01/08/2021 02:30:53 PM - [INFO] - (main.py).log_message(296) - Motor is moving
01/08/2021 02:31:01 PM - [INFO] - (main.py).log_message(296) - Motor moved to 90.0 °
01/08/2021 02:31:12 PM - [INFO] - (main.py).log_message(296) - Global Settings Read from File
01/08/2021 02:31:12 PM - [INFO] - (main.py).log_message(296) - Motor is moving
01/08/2021 02:31:49 PM - [INFO] - (main.py).log_message(296) - Motor moved to -90.0 °
01/08/2021 02:32:05 PM - [INFO] - (main.py).log_message(296) - Global Settings Read from File
01/08/2021 02:32:05 PM - [INFO] - (main.py).log_message(296) - Motor is moving
01/08/2021 02:32:23 PM - [INFO] - (main.py).log_message(296) - Motor moved to 0.0 °
01/08/2021 02:32:26 PM - [INFO] - (main.py).log_message(296) - Global Settings Read from File
01/08/2021 02:32:26 PM - [INFO] - (main.py).log_message(296) - Motor is moving
01/08/2021 02:32:26 PM - [INFO] - (main.py).log_message(296) - Motor moved to 0.0 °
01/08/2021 02:32:51 PM - [INFO] - (main.py).log_message(296) - Global Settings Read from File
01/08/2021 02:32:51 PM - [INFO] - (main.py).log_message(296) - Motor is moving
01/08/2021 02:32:56 PM - [INFO] - (main.py).log_message(296) - Motor moved to -20.0 °
01/08/2021 02:32:59 PM - [INFO] - (main.py).log_message(296) - Global Settings Read from File
01/08/2021 02:32:59 PM - [INFO] - (main.py).log_message(296) - Motor is moving
01/08/2021 02:33:06 PM - [INFO] - (main.py).log_message(296) - Motor moved to 10.0 °
01/08/2021 02:34:41 PM - [INFO] - (main.py).log_message(296) - Global Settings Read from File
01/08/2021 02:34:41 PM - [INFO] - (main.py).log_message(296) - Motor is moving
01/08/2021 02:34:43 PM - [INFO] - (main.py).log_message(296) - Motor moved to 0.0 °
01/08/2021 02:38:33 PM - [INFO] - (main.py).log_message(298) - Initialising Program
01/08/2021 02:38:33 PM - [INFO] - (main.py).log_message(298) - Global Settings Read from File
01/08/2021 02:38:36 PM - [INFO] - (main.py).log_message(298) - Program ready
01/08/2021 02:39:55 PM - [INFO] - (main.py).log_message(298) - Initialising Program
01/08/2021 02:39:55 PM - [INFO] - (main.py).log_message(298) - Global Settings Read from File
01/08/2021 02:39:58 PM - [INFO] - (main.py).log_message(298) - Program ready
01/08/2021 02:40:00 PM - [INFO] - (main.py).log_message(298) - Switched to tab widget no. 3
01/08/2021 02:40:04 PM - [INFO] - (main.py).log_message(298) - Global Settings Read from File
01/08/2021 02:40:04 PM - [INFO] - (main.py).log_message(298) - Motor could not be turned off correctly
01/08/2021 02:40:21 PM - [INFO] - (main.py).log_message(298) - Initialising Program
01/08/2021 02:40:21 PM - [INFO] - (main.py).log_message(298) - Global Settings Read from File
01/08/2021 02:40:25 PM - [INFO] - (main.py).log_message(298) - Program ready
01/08/2021 02:40:46 PM - [INFO] - (main.py).log_message(298) - Global Settings Read from File
01/08/2021 02:40:46 PM - [INFO] - (main.py).log_message(298) - Motor could not be turned off correctly
01/08/2021 02:41:07 PM - [INFO] - (main.py).log_message(298) - Initialising Program
01/08/2021 02:41:07 PM - [INFO] - (main.py).log_message(298) - Global Settings Read from File
01/08/2021 02:41:10 PM - [INFO] - (main.py).log_message(298) - Program ready
01/08/2021 02:41:12 PM - [INFO] - (main.py).log_message(298) - Switched to tab widget no. 3
01/08/2021 02:41:57 PM - [INFO] - (main.py).log_message(298) - Global Settings Read from File
01/08/2021 02:41:57 PM - [INFO] - (main.py).log_message(298) - Motor is moving
01/08/2021 02:42:06 PM - [INFO] - (main.py).log_message(298) - Motor moved to 0.0 °
01/08/2021 02:42:23 PM - [INFO] - (main.py).log_message(298) - Global Settings Read from File
01/08/2021 02:42:23 PM - [INFO] - (main.py).log_message(298) - Motor is moving
01/08/2021 02:42:24 PM - [INFO] - (main.py).log_message(298) - Motor moved to 0.0 °
01/08/2021 02:43:39 PM - [INFO] - (main.py).log_message(298) - Global Settings Read from File
01/08/2021 02:43:39 PM - [INFO] - (main.py).log_message(298) - Motor could not be turned off correctly
01/08/2021 02:43:58 PM - [INFO] - (main.py).log_message(299) - Initialising Program
01/08/2021 02:43:58 PM - [INFO] - (main.py).log_message(299) - Global Settings Read from File
01/08/2021 02:44:23 PM - [INFO] - (main.py).log_message(299) - Motor could not be initialised!
01/08/2021 02:44:23 PM - [INFO] - (main.py).log_message(299) - Program ready
01/08/2021 02:53:19 PM - [INFO] - (main.py).log_message(299) - Initialising Program
01/08/2021 02:53:19 PM - [INFO] - (main.py).log_message(299) - Global Settings Read from File
01/08/2021 02:53:22 PM - [INFO] - (main.py).log_message(299) - Program ready
01/08/2021 02:53:35 PM - [INFO] - (main.py).log_message(299) - Switched to tab widget no. 1
01/08/2021 02:53:37 PM - [INFO] - (main.py).log_message(299) - Switched to tab widget no. 2
01/08/2021 02:53:51 PM - [INFO] - (main.py).log_message(299) - Switched to tab widget no. 3
01/08/2021 02:54:02 PM - [INFO] - (main.py).log_message(299) - Global Settings Read from File
01/08/2021 02:54:02 PM - [INFO] - (main.py).log_message(299) - Motor is moving
01/08/2021 02:54:21 PM - [INFO] - (main.py).log_message(299) - Motor moved to -45.0 °
01/08/2021 02:54:37 PM - [INFO] - (main.py).log_message(299) - Global Settings Read from File
01/08/2021 02:54:37 PM - [INFO] - (main.py).log_message(299) - Motor is moving
01/08/2021 02:55:05 PM - [INFO] - (main.py).log_message(299) - Motor moved to 90.0 °
01/08/2021 03:34:32 PM - [INFO] - (main.py).log_message(299) - Global Settings Read from File
01/08/2021 03:34:32 PM - [INFO] - (main.py).log_message(299) - Motor is moving
01/08/2021 03:34:33 PM - [INFO] - (main.py).log_message(299) - Motor moved to 91.0 °
01/08/2021 03:34:40 PM - [INFO] - (main.py).log_message(299) - Global Settings Read from File
01/08/2021 03:34:40 PM - [INFO] - (main.py).log_message(299) - Motor is moving
01/08/2021 03:34:40 PM - [INFO] - (main.py).log_message(299) - Motor moved to 89.0 °
01/08/2021 03:34:58 PM - [INFO] - (main.py).log_message(299) - Global Settings Read from File
01/08/2021 03:34:58 PM - [INFO] - (main.py).log_message(299) - Motor is moving
01/08/2021 03:34:58 PM - [INFO] - (main.py).log_message(299) - Motor moved to 89.5 °
01/08/2021 03:35:07 PM - [INFO] - (main.py).log_message(299) - Global Settings Read from File
01/08/2021 03:35:07 PM - [INFO] - (main.py).log_message(299) - Motor is moving
01/08/2021 03:35:07 PM - [INFO] - (main.py).log_message(299) - Motor moved to 89.4 °
01/08/2021 03:35:15 PM - [INFO] - (main.py).log_message(299) - Global Settings Read from File
01/08/2021 03:35:15 PM - [INFO] - (main.py).log_message(299) - Motor is moving
01/08/2021 03:35:15 PM - [INFO] - (main.py).log_message(299) - Motor moved to 89.3 °
01/08/2021 03:36:51 PM - [INFO] - (main.py).log_message(299) - Global Settings Read from File
01/08/2021 03:36:51 PM - [INFO] - (main.py).log_message(299) - Motor is moving
01/08/2021 03:37:27 PM - [INFO] - (main.py).log_message(299) - Motor moved to -90.6 °
01/08/2021 03:37:49 PM - [INFO] - (main.py).log_message(299) - Global Settings Read from File
01/08/2021 03:37:49 PM - [INFO] - (main.py).log_message(299) - Motor is moving
01/08/2021 03:38:08 PM - [INFO] - (main.py).log_message(299) - Motor moved to 0.4 °
01/08/2021 03:38:27 PM - [INFO] - (main.py).log_message(299) - Global Settings Read from File
01/08/2021 03:38:27 PM - [INFO] - (main.py).log_message(299) - Motor is moving
01/08/2021 03:38:45 PM - [INFO] - (main.py).log_message(299) - Motor moved to 90.4 °
01/08/2021 03:38:45 PM - [INFO] - (main.py).log_message(299) - Global Settings Read from File
01/08/2021 03:38:45 PM - [INFO] - (main.py).log_message(299) - Motor is moving
01/08/2021 03:38:46 PM - [INFO] - (main.py).log_message(299) - Motor moved to 89.4 °
01/08/2021 03:39:22 PM - [INFO] - (main.py).log_message(299) - Global Settings Read from File
01/08/2021 03:39:22 PM - [INFO] - (main.py).log_message(299) - Motor is moving
01/08/2021 03:39:40 PM - [INFO] - (main.py).log_message(299) - Motor moved to -0.4 °
01/08/2021 03:40:12 PM - [INFO] - (main.py).log_message(299) - Global Settings Read from File
01/08/2021 03:40:12 PM - [INFO] - (main.py).log_message(299) - Motor is moving
01/08/2021 03:40:49 PM - [INFO] - (main.py).log_message(299) - Motor moved to 179.4 °
01/08/2021 03:41:31 PM - [INFO] - (main.py).log_message(299) - Global Settings Read from File
01/08/2021 03:41:31 PM - [INFO] - (main.py).log_message(299) - Motor is moving
01/08/2021 03:41:50 PM - [INFO] - (main.py).log_message(299) - Motor moved to 89.4 °
01/08/2021 03:44:22 PM - [INFO] - (main.py).log_message(299) - Global Settings Read from File
01/08/2021 03:44:22 PM - [INFO] - (main.py).log_message(299) - Motor is moving
01/08/2021 03:44:59 PM - [INFO] - (main.py).log_message(299) - Motor moved to -90.6 °
01/08/2021 03:45:38 PM - [INFO] - (main.py).log_message(299) - Global Settings Read from File
01/08/2021 03:45:38 PM - [INFO] - (main.py).log_message(299) - Motor is moving
01/08/2021 03:46:05 PM - [INFO] - (main.py).log_message(299) - Motor moved to 44.4 °
01/08/2021 04:11:34 PM - [INFO] - (main.py).log_message(299) - Global Settings Read from File
01/08/2021 04:11:34 PM - [INFO] - (main.py).log_message(299) - Motor is moving
01/08/2021 04:11:53 PM - [INFO] - (main.py).log_message(299) - Motor moved to 134.4 °
01/08/2021 04:15:39 PM - [INFO] - (main.py).log_message(299) - Global Settings Read from File
01/08/2021 04:15:39 PM - [INFO] - (main.py).log_message(299) - Motor is moving
01/08/2021 04:15:49 PM - [INFO] - (main.py).log_message(299) - Motor moved to 89.4 °
01/08/2021 04:16:20 PM - [INFO] - (main.py).log_message(299) - Global Settings Read from File
01/08/2021 04:16:20 PM - [INFO] - (main.py).log_message(299) - Motor is moving
01/08/2021 04:16:29 PM - [INFO] - (main.py).log_message(299) - Motor moved to 134.4 °
01/08/2021 04:17:13 PM - [INFO] - (main.py).log_message(299) - Global Settings Read from File
01/08/2021 04:17:13 PM - [INFO] - (main.py).log_message(299) - Motor is moving
01/08/2021 04:17:22 PM - [INFO] - (main.py).log_message(299) - Motor moved to 89.4 °
01/08/2021 04:21:37 PM - [INFO] - (main.py).log_message(299) - Global Settings Read from File
01/08/2021 04:21:37 PM - [INFO] - (main.py).log_message(299) - Motor is moving
01/08/2021 04:21:48 PM - [INFO] - (main.py).log_message(299) - Global Settings Read from File
01/08/2021 04:21:48 PM - [INFO] - (main.py).log_message(299) - Motor could not be turned off correctly
01/08/2021 04:22:21 PM - [INFO] - (main.py).log_message(299) - Initialising Program
01/08/2021 04:22:21 PM - [INFO] - (main.py).log_message(299) - Global Settings Read from File
01/08/2021 04:22:29 PM - [INFO] - (main.py).log_message(299) - Program ready
01/08/2021 04:22:59 PM - [INFO] - (main.py).log_message(299) - Switched to tab widget no. 3
01/08/2021 04:23:08 PM - [INFO] - (main.py).log_message(299) - Global Settings Read from File
01/08/2021 04:23:08 PM - [INFO] - (main.py).log_message(299) - Motor is moving
01/08/2021 04:23:08 PM - [INFO] - (main.py).log_message(299) - Motor moved to 45.0 °
01/08/2021 04:23:19 PM - [INFO] - (main.py).log_message(299) - Global Settings Read from File
01/08/2021 04:23:19 PM - [INFO] - (main.py).log_message(299) - Motor is moving
01/08/2021 04:23:29 PM - [INFO] - (main.py).log_message(299) - Motor moved to 89.4 °
01/08/2021 04:23:39 PM - [INFO] - (main.py).log_message(299) - Global Settings Read from File
01/08/2021 04:23:39 PM - [INFO] - (main.py).log_message(299) - Motor is moving
01/08/2021 04:23:40 PM - [INFO] - (main.py).log_message(299) - Motor moved to 89.3 °
01/08/2021 04:23:41 PM - [INFO] - (main.py).log_message(299) - Global Settings Read from File
01/08/2021 04:23:41 PM - [INFO] - (main.py).log_message(299) - Motor is moving
01/08/2021 04:23:41 PM - [INFO] - (main.py).log_message(299) - Motor moved to 89.3 °
01/08/2021 04:23:50 PM - [INFO] - (main.py).log_message(299) - Global Settings Read from File
01/08/2021 04:23:50 PM - [INFO] - (main.py).log_message(299) - Motor is moving
01/08/2021 04:23:50 PM - [INFO] - (main.py).log_message(299) - Motor moved to 89.35 °
01/08/2021 04:23:58 PM - [INFO] - (main.py).log_message(299) - Global Settings Read from File
01/08/2021 04:23:58 PM - [INFO] - (main.py).log_message(299) - Motor is moving
01/08/2021 04:23:58 PM - [INFO] - (main.py).log_message(299) - Motor moved to 89.4 °
01/08/2021 04:24:09 PM - [INFO] - (main.py).log_message(299) - Global Settings Read from File
01/08/2021 04:24:09 PM - [INFO] - (main.py).log_message(299) - Motor is moving
01/08/2021 04:24:19 PM - [INFO] - (main.py).log_message(299) - Motor moved to 134.4 °
01/08/2021 04:35:08 PM - [INFO] - (main.py).log_message(299) - Global Settings Read from File
01/08/2021 04:35:08 PM - [INFO] - (main.py).log_message(299) - Motor is moving
01/08/2021 04:35:17 PM - [INFO] - (main.py).log_message(299) - Motor moved to 89.4 °
01/08/2021 04:35:30 PM - [INFO] - (main.py).log_message(299) - Global Settings Read from File
01/08/2021 04:35:30 PM - [INFO] - (main.py).log_message(299) - Motor is moving
01/08/2021 04:35:39 PM - [INFO] - (main.py).log_message(299) - Motor moved to 134.4 °
01/08/2021 04:35:55 PM - [INFO] - (main.py).log_message(299) - Global Settings Read from File
01/08/2021 04:35:55 PM - [INFO] - (main.py).log_message(299) - Motor is moving
01/08/2021 04:36:04 PM - [INFO] - (main.py).log_message(299) - Motor moved to 179.4 °
01/08/2021 04:36:33 PM - [INFO] - (main.py).log_message(299) - Global Settings Read from File
01/08/2021 04:36:33 PM - [INFO] - (main.py).log_message(299) - Motor is moving
01/08/2021 04:37:09 PM - [INFO] - (main.py).log_message(299) - Motor moved to -0.6 °
01/08/2021 04:37:40 PM - [INFO] - (main.py).log_message(299) - Global Settings Read from File
01/08/2021 04:37:40 PM - [INFO] - (main.py).log_message(299) - Motor is moving
01/08/2021 04:37:59 PM - [INFO] - (main.py).log_message(299) - Motor moved to 89.4 °
01/08/2021 04:39:01 PM - [INFO] - (main.py).log_message(299) - Global Settings Read from File
01/08/2021 04:39:01 PM - [INFO] - (main.py).log_message(299) - Motor is moving
01/08/2021 04:39:37 PM - [INFO] - (main.py).log_message(299) - Motor moved to -90.6 °
01/08/2021 04:39:55 PM - [INFO] - (main.py).log_message(299) - Global Settings Read from File
01/08/2021 04:39:55 PM - [INFO] - (main.py).log_message(299) - Motor is moving
01/08/2021 04:40:23 PM - [INFO] - (main.py).log_message(299) - Motor moved to 134.4 °
01/08/2021 04:43:03 PM - [INFO] - (main.py).log_message(299) - Global Settings Read from File
01/08/2021 04:43:03 PM - [INFO] - (main.py).log_message(299) - Motor is moving
01/08/2021 04:43:22 PM - [INFO] - (main.py).log_message(299) - Motor moved to 44.4 °
01/08/2021 04:52:57 PM - [INFO] - (main.py).log_message(299) - Global Settings Read from File
01/08/2021 04:52:57 PM - [INFO] - (main.py).log_message(299) - Motor could not be turned off correctly
01/12/2021 11:49:06 AM - [INFO] - (main.py).log_message(299) - Initialising Program
01/12/2021 11:49:06 AM - [INFO] - (main.py).log_message(299) - Global Settings Read from File
01/12/2021 11:51:48 AM - [INFO] - (main.py).log_message(299) - Initialising Program
01/12/2021 11:51:48 AM - [INFO] - (main.py).log_message(299) - Global Settings Read from File
01/12/2021 11:51:48 AM - [ERROR] - (hardware.py).__init__(148) - The SourceMeter seems to be absent or switched off.
01/12/2021 11:54:15 AM - [INFO] - (main.py).log_message(299) - Initialising Program
01/12/2021 11:54:15 AM - [INFO] - (main.py).log_message(299) - Global Settings Read from File
01/12/2021 11:54:16 AM - [ERROR] - (hardware.py).__init__(149) - The SourceMeter seems to be absent or switched off.
01/12/2021 11:55:05 AM - [INFO] - (main.py).log_message(299) - Initialising Program
01/12/2021 11:55:05 AM - [INFO] - (main.py).log_message(299) - Global Settings Read from File
01/12/2021 11:55:05 AM - [ERROR] - (hardware.py).__init__(149) - The SourceMeter seems to be absent or switched off.
01/12/2021 11:57:03 AM - [INFO] - (main.py).log_message(299) - Initialising Program
01/12/2021 11:57:03 AM - [INFO] - (main.py).log_message(299) - Global Settings Read from File
01/12/2021 12:03:28 PM - [INFO] - (main.py).log_message(299) - Initialising Program
01/12/2021 12:03:28 PM - [INFO] - (main.py).log_message(299) - Global Settings Read from File
01/12/2021 12:04:09 PM - [INFO] - (main.py).log_message(299) - Initialising Program
01/12/2021 12:04:09 PM - [INFO] - (main.py).log_message(299) - Global Settings Read from File
01/12/2021 12:05:05 PM - [INFO] - (main.py).log_message(299) - Initialising Program
01/12/2021 12:05:05 PM - [INFO] - (main.py).log_message(299) - Global Settings Read from File
01/12/2021 12:17:07 PM - [INFO] - (main.py).log_message(299) - Initialising Program
01/12/2021 12:17:07 PM - [INFO] - (main.py).log_message(299) - Global Settings Read from File
01/12/2021 01:32:54 PM - [INFO] - (main.py).log_message(299) - Initialising Program
01/12/2021 01:32:54 PM - [INFO] - (main.py).log_message(299) - Global Settings Read from File
01/12/2021 01:32:54 PM - [WARNING] - (usb.py).list_resources(266) - Found a device whose serial number cannot be read. The partial VISA resource name is: USB0::1510::9296::???::0::INSTR
01/12/2021 01:32:54 PM - [WARNING] - (usb.py).list_resources(323) - Found a device whose serial number cannot be read. The partial VISA resource name is: USB0::1027::64240::???::0::RAW
01/12/2021 01:33:44 PM - [INFO] - (main.py).log_message(299) - Initialising Program
01/12/2021 01:33:44 PM - [INFO] - (main.py).log_message(299) - Global Settings Read from File
01/12/2021 01:33:44 PM - [WARNING] - (usb.py).list_resources(266) - Found a device whose serial number cannot be read. The partial VISA resource name is: USB0::1510::9296::???::0::INSTR
01/12/2021 01:33:44 PM - [WARNING] - (usb.py).list_resources(323) - Found a device whose serial number cannot be read. The partial VISA resource name is: USB0::1027::64240::???::0::RAW
01/12/2021 01:33:44 PM - [ERROR] - (hardware.py).__init__(149) - The SourceMeter seems to be absent or switched off.
01/12/2021 01:33:57 PM - [WARNING] - (usb.py).list_resources(266) - Found a device whose serial number cannot be read. The partial VISA resource name is: USB0::1510::9296::???::0::INSTR
01/12/2021 01:33:57 PM - [WARNING] - (usb.py).list_resources(323) - Found a device whose serial number cannot be read. The partial VISA resource name is: USB0::1027::64240::???::0::RAW
01/12/2021 01:35:00 PM - [INFO] - (main.py).log_message(299) - Initialising Program
01/12/2021 01:35:00 PM - [INFO] - (main.py).log_message(299) - Global Settings Read from File
01/12/2021 01:35:00 PM - [WARNING] - (usb.py).list_resources(266) - Found a device whose serial number cannot be read. The partial VISA resource name is: USB0::1510::9296::???::0::INSTR
01/12/2021 01:35:00 PM - [WARNING] - (usb.py).list_resources(323) - Found a device whose serial number cannot be read. The partial VISA resource name is: USB0::1027::64240::???::0::RAW
01/12/2021 01:35:00 PM - [ERROR] - (hardware.py).__init__(149) - The SourceMeter seems to be absent or switched off.
01/12/2021 01:37:27 PM - [WARNING] - (highlevel.py).open_resource(3283) - There is no class defined for (<InterfaceType.unknown: -1>, None). Using Resource
01/12/2021 01:37:27 PM - [WARNING] - (highlevel.py).open_resource(3283) - There is no class defined for (<InterfaceType.unknown: -1>, None). Using Resource
01/12/2021 01:41:53 PM - [INFO] - (main.py).log_message(299) - Initialising Program
01/12/2021 01:41:53 PM - [INFO] - (main.py).log_message(299) - Global Settings Read from File
01/12/2021 01:41:53 PM - [WARNING] - (usb.py).list_resources(266) - Found a device whose serial number cannot be read. The partial VISA resource name is: USB0::1510::9296::???::0::INSTR
01/12/2021 01:41:53 PM - [WARNING] - (usb.py).list_resources(323) - Found a device whose serial number cannot be read. The partial VISA resource name is: USB0::1027::64240::???::0::RAW
01/12/2021 01:41:53 PM - [ERROR] - (hardware.py).__init__(149) - The SourceMeter seems to be absent or switched off.
01/12/2021 01:49:20 PM - [INFO] - (main.py).log_message(299) - Initialising Program
01/12/2021 01:49:20 PM - [INFO] - (main.py).log_message(299) - Global Settings Read from File
01/12/2021 01:49:21 PM - [ERROR] - (hardware.py).__init__(149) - The SourceMeter seems to be absent or switched off.
01/12/2021 01:50:49 PM - [INFO] - (main.py).log_message(299) - Initialising Program
01/12/2021 01:50:49 PM - [INFO] - (main.py).log_message(299) - Global Settings Read from File
01/12/2021 01:52:40 PM - [INFO] - (main.py).log_message(299) - Initialising Program
01/12/2021 01:52:40 PM - [INFO] - (main.py).log_message(299) - Global Settings Read from File
01/12/2021 01:52:46 PM - [INFO] - (main.py).log_message(299) - Program ready
01/12/2021 01:54:03 PM - [INFO] - (main.py).log_message(299) - Initialising Program
01/12/2021 01:54:03 PM - [INFO] - (main.py).log_message(299) - Global Settings Read from File
01/12/2021 01:54:08 PM - [INFO] - (main.py).log_message(299) - Program ready
01/12/2021 01:54:13 PM - [INFO] - (main.py).log_message(299) - Setup parameters read
01/12/2021 01:54:13 PM - [INFO] - (main.py).log_message(299) - Activated Pixel 1
01/12/2021 01:54:14 PM - [INFO] - (main.py).log_message(299) - Setup parameters read
01/12/2021 01:54:14 PM - [INFO] - (main.py).log_message(299) - Deactivated Pixel 1
01/12/2021 01:54:15 PM - [INFO] - (main.py).log_message(299) - Switched to tab widget no. 1
01/12/2021 01:54:17 PM - [INFO] - (main.py).log_message(299) - Switched to tab widget no. 2
01/12/2021 01:54:23 PM - [INFO] - (main.py).log_message(299) - Switched to tab widget no. 0
01/12/2021 01:55:18 PM - [INFO] - (main.py).log_message(299) - Initialising Program
01/12/2021 01:55:18 PM - [INFO] - (main.py).log_message(299) - Global Settings Read from File
01/12/2021 01:55:24 PM - [INFO] - (main.py).log_message(299) - Program ready
01/12/2021 01:57:56 PM - [INFO] - (main.py).log_message(299) - Global Settings Read from File
01/12/2021 01:57:56 PM - [INFO] - (main.py).log_message(299) - Motor could not be turned off correctly
01/12/2021 02:15:27 PM - [INFO] - (main.py).log_message(299) - Initialising Program
01/12/2021 02:15:27 PM - [INFO] - (main.py).log_message(299) - Global Settings Read from File
01/12/2021 02:37:43 PM - [INFO] - (main.py).log_message(299) - Initialising Program
01/12/2021 02:37:43 PM - [INFO] - (main.py).log_message(299) - Global Settings Read from File
01/12/2021 02:38:45 PM - [INFO] - (main.py).log_message(299) - Program ready
01/12/2021 02:39:02 PM - [INFO] - (main.py).log_message(299) - Switched to tab widget no. 1
01/12/2021 02:39:03 PM - [INFO] - (main.py).log_message(299) - Switched to tab widget no. 0
01/12/2021 02:39:09 PM - [INFO] - (main.py).log_message(299) - Switched to tab widget no. 1
01/12/2021 02:39:17 PM - [INFO] - (main.py).log_message(299) - Setup parameters read
01/12/2021 02:39:17 PM - [INFO] - (main.py).log_message(299) - Autotube measurement started
01/12/2021 02:39:17 PM - [INFO] - (main.py).log_message(299) - Autotube paremeters read
01/12/2021 02:39:17 PM - [INFO] - (main.py).log_message(299) - Global Settings Read from File
01/12/2021 02:39:17 PM - [INFO] - (main.py).log_message(299) - Running on Pixel 4
01/12/2021 02:39:29 PM - [INFO] - (main.py).log_message(299) - Autotube measurement plotted
01/12/2021 02:39:31 PM - [INFO] - (main.py).log_message(299) - Running on Pixel 7
01/12/2021 02:39:44 PM - [INFO] - (main.py).log_message(299) - Autotube measurement plotted
01/12/2021 02:39:45 PM - [INFO] - (main.py).log_message(299) - Running on Pixel 8
01/12/2021 02:39:58 PM - [INFO] - (main.py).log_message(299) - Autotube measurement plotted
01/12/2021 02:40:00 PM - [INFO] - (main.py).log_message(299) - Autotube measurement finished
01/12/2021 02:40:03 PM - [INFO] - (main.py).log_message(299) - Switched to tab widget no. 0
01/12/2021 02:40:06 PM - [INFO] - (main.py).log_message(299) - Global Settings Read from File
01/12/2021 02:40:06 PM - [INFO] - (main.py).log_message(299) - Current tester successfully reinstanciated
01/12/2021 02:40:26 PM - [INFO] - (main.py).log_message(299) - Setup parameters read
01/12/2021 02:40:26 PM - [INFO] - (main.py).log_message(299) - Activated Pixel 1
01/12/2021 02:40:27 PM - [INFO] - (main.py).log_message(299) - Setup parameters read
01/12/2021 02:40:27 PM - [INFO] - (main.py).log_message(299) - Deactivated Pixel 1
01/12/2021 02:40:29 PM - [INFO] - (main.py).log_message(299) - Global Settings Read from File
01/12/2021 02:42:04 PM - [INFO] - (main.py).log_message(299) - Current tester successfully reinstanciated
01/12/2021 02:42:14 PM - [INFO] - (main.py).log_message(299) - Switched to tab widget no. 1
01/12/2021 02:42:20 PM - [INFO] - (main.py).log_message(299) - Setup parameters read
01/12/2021 02:42:20 PM - [INFO] - (main.py).log_message(299) - Autotube measurement started
01/12/2021 02:42:20 PM - [INFO] - (main.py).log_message(299) - Autotube paremeters read
01/12/2021 02:42:20 PM - [INFO] - (main.py).log_message(299) - Global Settings Read from File
01/12/2021 02:42:31 PM - [INFO] - (main.py).log_message(299) - Running on Pixel 4
01/12/2021 02:42:43 PM - [INFO] - (main.py).log_message(299) - Autotube measurement plotted
01/12/2021 02:42:45 PM - [INFO] - (main.py).log_message(299) - Autotube measurement finished
01/12/2021 02:42:48 PM - [INFO] - (main.py).log_message(299) - Switched to tab widget no. 2
01/12/2021 02:42:49 PM - [INFO] - (main.py).log_message(299) - Switched to tab widget no. 0
01/12/2021 02:42:58 PM - [INFO] - (main.py).log_message(299) - Global Settings Read from File
01/12/2021 02:42:58 PM - [INFO] - (main.py).log_message(299) - Motor could not be turned off correctly
01/12/2021 02:45:31 PM - [INFO] - (main.py).log_message(299) - Initialising Program
01/12/2021 02:45:31 PM - [INFO] - (main.py).log_message(299) - Global Settings Read from File
01/12/2021 02:45:34 PM - [INFO] - (main.py).log_message(299) - Program ready
01/12/2021 02:45:41 PM - [INFO] - (main.py).log_message(299) - Switched to tab widget no. 1
01/12/2021 02:45:42 PM - [INFO] - (main.py).log_message(299) - Switched to tab widget no. 2
01/12/2021 02:45:44 PM - [INFO] - (main.py).log_message(299) - Switched to tab widget no. 1
01/12/2021 02:45:51 PM - [INFO] - (main.py).log_message(299) - Switched to tab widget no. 0
01/12/2021 02:45:55 PM - [INFO] - (main.py).log_message(299) - Switched to tab widget no. 1
01/12/2021 02:46:01 PM - [INFO] - (main.py).log_message(299) - Setup parameters read
01/12/2021 02:46:01 PM - [INFO] - (main.py).log_message(299) - Autotube measurement started
01/12/2021 02:46:01 PM - [INFO] - (main.py).log_message(299) - Autotube paremeters read
01/12/2021 02:46:01 PM - [INFO] - (main.py).log_message(299) - Global Settings Read from File
01/12/2021 02:46:50 PM - [INFO] - (main.py).log_message(299) - Running on Pixel 1
01/12/2021 02:47:01 PM - [INFO] - (main.py).log_message(299) - Autotube measurement plotted
01/12/2021 02:47:02 PM - [INFO] - (main.py).log_message(299) - Running on Pixel 4
01/12/2021 02:47:15 PM - [INFO] - (main.py).log_message(299) - Autotube measurement plotted
01/12/2021 02:47:17 PM - [INFO] - (main.py).log_message(299) - Autotube measurement finished
01/12/2021 02:51:11 PM - [INFO] - (main.py).log_message(299) - Switched to tab widget no. 3
01/12/2021 02:51:14 PM - [INFO] - (main.py).log_message(299) - Global Settings Read from File
01/12/2021 02:51:14 PM - [INFO] - (main.py).log_message(299) - Motor is moving
01/12/2021 02:51:22 PM - [INFO] - (main.py).log_message(299) - Motor moved to 5.0 °
01/12/2021 02:51:30 PM - [INFO] - (main.py).log_message(299) - Global Settings Read from File
01/12/2021 02:51:30 PM - [INFO] - (main.py).log_message(299) - Motor is moving
01/12/2021 02:51:32 PM - [INFO] - (main.py).log_message(299) - Motor moved to 0.0 °
01/12/2021 02:51:34 PM - [INFO] - (main.py).log_message(299) - Global Settings Read from File
01/12/2021 02:51:34 PM - [INFO] - (main.py).log_message(299) - Motor is moving
01/12/2021 02:51:44 PM - [INFO] - (main.py).log_message(299) - Motor moved to 45.0 °
01/12/2021 02:51:47 PM - [INFO] - (main.py).log_message(299) - Global Settings Read from File
01/12/2021 02:51:47 PM - [INFO] - (main.py).log_message(299) - Motor is moving
01/12/2021 02:51:57 PM - [INFO] - (main.py).log_message(299) - Motor moved to 90.0 °
01/12/2021 02:52:01 PM - [INFO] - (main.py).log_message(299) - Global Settings Read from File
01/12/2021 02:52:01 PM - [INFO] - (main.py).log_message(299) - Motor is moving
01/12/2021 02:52:11 PM - [INFO] - (main.py).log_message(299) - Motor moved to 45.0 °
01/12/2021 02:52:14 PM - [INFO] - (main.py).log_message(299) - Global Settings Read from File
01/12/2021 02:52:14 PM - [INFO] - (main.py).log_message(299) - Motor is moving
01/12/2021 02:52:15 PM - [INFO] - (main.py).log_message(299) - Motor moved to 45.0 °
01/12/2021 02:52:15 PM - [INFO] - (main.py).log_message(299) - Global Settings Read from File
01/12/2021 02:52:15 PM - [INFO] - (main.py).log_message(299) - Motor is moving
01/12/2021 02:52:16 PM - [INFO] - (main.py).log_message(299) - Motor moved to 45.0 °
01/12/2021 02:52:26 PM - [INFO] - (main.py).log_message(299) - Global Settings Read from File
01/12/2021 02:52:26 PM - [INFO] - (main.py).log_message(299) - Motor could not be turned off correctly
01/15/2021 09:12:03 AM - [INFO] - (main.py).log_message(299) - Initialising Program
01/15/2021 09:12:03 AM - [INFO] - (main.py).log_message(299) - Global Settings Read from File
01/15/2021 09:12:08 AM - [INFO] - (main.py).log_message(299) - Program ready
01/15/2021 09:12:10 AM - [INFO] - (main.py).log_message(299) - Global Settings Read from File
01/15/2021 09:12:10 AM - [INFO] - (main.py).log_message(299) - Motor could not be turned off correctly
01/15/2021 09:12:27 AM - [INFO] - (main.py).log_message(299) - Initialising Program
01/15/2021 09:12:27 AM - [INFO] - (main.py).log_message(299) - Global Settings Read from File
01/15/2021 09:12:31 AM - [INFO] - (main.py).log_message(299) - Program ready
01/15/2021 09:12:41 AM - [INFO] - (main.py).log_message(299) - Switched to tab widget no. 2
01/15/2021 09:14:23 AM - [INFO] - (main.py).log_message(299) - Voltage Changed to 0.1 V
01/15/2021 09:14:24 AM - [INFO] - (main.py).log_message(299) - Voltage Changed to 0.2 V
01/15/2021 09:14:25 AM - [INFO] - (main.py).log_message(299) - Voltage Changed to 0.3 V
01/15/2021 09:14:25 AM - [INFO] - (main.py).log_message(299) - Voltage Changed to 0.4 V
01/15/2021 09:14:26 AM - [INFO] - (main.py).log_message(299) - Voltage Changed to 0.5 V
01/15/2021 09:14:26 AM - [INFO] - (main.py).log_message(299) - Voltage Changed to 0.6 V
01/15/2021 09:14:27 AM - [INFO] - (main.py).log_message(299) - Voltage Changed to 0.7 V
01/15/2021 09:14:27 AM - [INFO] - (main.py).log_message(299) - Voltage Changed to 0.8 V
01/15/2021 09:14:27 AM - [INFO] - (main.py).log_message(299) - Voltage Changed to 0.9 V
01/15/2021 09:14:28 AM - [INFO] - (main.py).log_message(299) - Voltage Changed to 1.0 V
01/15/2021 09:14:34 AM - [INFO] - (main.py).log_message(299) - Spectrum parameters read
01/15/2021 09:14:34 AM - [INFO] - (main.py).log_message(299) - Activated Pixel 1
01/15/2021 09:14:37 AM - [INFO] - (main.py).log_message(299) - Spectrum parameters read
01/15/2021 09:14:37 AM - [INFO] - (main.py).log_message(299) - Deactivated Pixel 1
01/15/2021 09:14:39 AM - [INFO] - (main.py).log_message(299) - Voltage Changed to 1.1 V
01/15/2021 09:14:39 AM - [INFO] - (main.py).log_message(299) - Voltage Changed to 1.2 V
01/15/2021 09:14:40 AM - [INFO] - (main.py).log_message(299) - Voltage Changed to 1.3 V
01/15/2021 09:14:40 AM - [INFO] - (main.py).log_message(299) - Voltage Changed to 1.4 V
01/15/2021 09:14:40 AM - [INFO] - (main.py).log_message(299) - Voltage Changed to 1.5 V
01/15/2021 09:14:41 AM - [INFO] - (main.py).log_message(299) - Voltage Changed to 1.6 V
01/15/2021 09:14:41 AM - [INFO] - (main.py).log_message(299) - Voltage Changed to 1.7 V
01/15/2021 09:14:41 AM - [INFO] - (main.py).log_message(299) - Voltage Changed to 1.8 V
01/15/2021 09:14:42 AM - [INFO] - (main.py).log_message(299) - Voltage Changed to 1.9 V
01/15/2021 09:14:42 AM - [INFO] - (main.py).log_message(299) - Voltage Changed to 2.0 V
01/15/2021 09:14:43 AM - [INFO] - (main.py).log_message(299) - Voltage Changed to 5.0 V
01/15/2021 09:14:50 AM - [INFO] - (main.py).log_message(299) - Spectrum parameters read
01/15/2021 09:14:50 AM - [INFO] - (main.py).log_message(299) - Activated Pixel 1
01/15/2021 09:14:51 AM - [INFO] - (main.py).log_message(299) - Spectrum parameters read
01/15/2021 09:14:51 AM - [INFO] - (main.py).log_message(299) - Deactivated Pixel 1
01/15/2021 09:14:53 AM - [INFO] - (main.py).log_message(299) - Switched to tab widget no. 0
01/15/2021 09:14:55 AM - [INFO] - (main.py).log_message(299) - Setup parameters read
01/15/2021 09:14:55 AM - [INFO] - (main.py).log_message(299) - Activated Pixel 1
01/15/2021 09:14:56 AM - [INFO] - (main.py).log_message(299) - Setup parameters read
01/15/2021 09:14:56 AM - [INFO] - (main.py).log_message(299) - Deactivated Pixel 1
01/15/2021 09:14:59 AM - [INFO] - (main.py).log_message(299) - Setup parameters read
01/15/2021 09:14:59 AM - [INFO] - (main.py).log_message(299) - Activated Pixel 1
01/15/2021 09:14:59 AM - [INFO] - (main.py).log_message(299) - Setup parameters read
01/15/2021 09:14:59 AM - [INFO] - (main.py).log_message(299) - Activated Pixel 2
01/15/2021 09:14:59 AM - [INFO] - (main.py).log_message(299) - Setup parameters read
01/15/2021 09:14:59 AM - [INFO] - (main.py).log_message(299) - Activated Pixel 3
01/15/2021 09:14:59 AM - [INFO] - (main.py).log_message(299) - Setup parameters read
01/15/2021 09:14:59 AM - [INFO] - (main.py).log_message(299) - Activated Pixel 4
01/15/2021 09:14:59 AM - [INFO] - (main.py).log_message(299) - Setup parameters read
01/15/2021 09:14:59 AM - [INFO] - (main.py).log_message(299) - Activated Pixel 5
01/15/2021 09:14:59 AM - [INFO] - (main.py).log_message(299) - Setup parameters read
01/15/2021 09:14:59 AM - [INFO] - (main.py).log_message(299) - Activated Pixel 6
01/15/2021 09:14:59 AM - [INFO] - (main.py).log_message(299) - Setup parameters read
01/15/2021 09:14:59 AM - [INFO] - (main.py).log_message(299) - Activated Pixel 7
01/15/2021 09:14:59 AM - [INFO] - (main.py).log_message(299) - Setup parameters read
01/15/2021 09:14:59 AM - [INFO] - (main.py).log_message(299) - Activated Pixel 8
01/15/2021 09:14:59 AM - [INFO] - (main.py).log_message(299) - All pixels selected
01/15/2021 09:15:01 AM - [INFO] - (main.py).log_message(299) - Setup parameters read
01/15/2021 09:15:01 AM - [INFO] - (main.py).log_message(299) - Activated Pixel 1
01/15/2021 09:15:01 AM - [INFO] - (main.py).log_message(299) - Setup parameters read
01/15/2021 09:15:01 AM - [INFO] - (main.py).log_message(299) - Activated Pixel 2
01/15/2021 09:15:01 AM - [INFO] - (main.py).log_message(299) - Setup parameters read
01/15/2021 09:15:01 AM - [INFO] - (main.py).log_message(299) - Activated Pixel 3
01/15/2021 09:15:01 AM - [INFO] - (main.py).log_message(299) - Setup parameters read
01/15/2021 09:15:01 AM - [INFO] - (main.py).log_message(299) - Activated Pixel 4
01/15/2021 09:15:01 AM - [INFO] - (main.py).log_message(299) - Setup parameters read
01/15/2021 09:15:01 AM - [INFO] - (main.py).log_message(299) - Activated Pixel 5
01/15/2021 09:15:01 AM - [INFO] - (main.py).log_message(299) - Setup parameters read
01/15/2021 09:15:01 AM - [INFO] - (main.py).log_message(299) - Activated Pixel 6
01/15/2021 09:15:01 AM - [INFO] - (main.py).log_message(299) - Setup parameters read
01/15/2021 09:15:01 AM - [INFO] - (main.py).log_message(299) - Activated Pixel 7
01/15/2021 09:15:01 AM - [INFO] - (main.py).log_message(299) - Setup parameters read
01/15/2021 09:15:01 AM - [INFO] - (main.py).log_message(299) - Activated Pixel 8
01/15/2021 09:15:01 AM - [INFO] - (main.py).log_message(299) - All pixels selected
01/15/2021 09:15:03 AM - [INFO] - (main.py).log_message(299) - All pixels unselected
01/15/2021 09:15:05 AM - [INFO] - (main.py).log_message(299) - Global Settings Read from File
01/15/2021 09:15:05 AM - [INFO] - (main.py).log_message(299) - Current tester successfully reinstanciated
01/15/2021 09:15:42 AM - [INFO] - (main.py).log_message(299) - Switched to tab widget no. 1
01/15/2021 09:15:52 AM - [INFO] - (main.py).log_message(299) - Switched to tab widget no. 0
01/15/2021 09:16:00 AM - [INFO] - (main.py).log_message(299) - Switched to tab widget no. 1
01/15/2021 09:16:12 AM - [INFO] - (main.py).log_message(299) - Setup parameters read
01/15/2021 09:16:12 AM - [INFO] - (main.py).log_message(299) - Autotube measurement started
01/15/2021 09:16:12 AM - [INFO] - (main.py).log_message(299) - Autotube paremeters read
01/15/2021 09:16:12 AM - [INFO] - (main.py).log_message(299) - Global Settings Read from File
01/15/2021 09:16:18 AM - [INFO] - (main.py).log_message(299) - Running on Pixel 1
01/15/2021 09:16:31 AM - [INFO] - (main.py).log_message(299) - Autotube measurement plotted
01/15/2021 09:16:33 AM - [INFO] - (main.py).log_message(299) - Running on Pixel 4
01/15/2021 09:16:46 AM - [INFO] - (main.py).log_message(299) - Autotube measurement plotted
01/15/2021 09:16:48 AM - [INFO] - (main.py).log_message(299) - Running on Pixel 8
01/15/2021 09:17:00 AM - [INFO] - (main.py).log_message(299) - Autotube measurement plotted
01/15/2021 09:17:02 AM - [INFO] - (main.py).log_message(299) - Autotube measurement finished
01/15/2021 09:21:23 AM - [INFO] - (main.py).log_message(299) - Initialising Program
01/15/2021 09:21:23 AM - [INFO] - (main.py).log_message(299) - Global Settings Read from File
01/15/2021 09:21:26 AM - [INFO] - (main.py).log_message(299) - Program ready
01/15/2021 09:21:29 AM - [INFO] - (main.py).log_message(299) - Switched to tab widget no. 3
01/15/2021 09:21:31 AM - [INFO] - (main.py).log_message(299) - Global Settings Read from File
01/15/2021 09:21:31 AM - [INFO] - (main.py).log_message(299) - Motor is moving
01/15/2021 09:21:39 AM - [INFO] - (main.py).log_message(299) - Motor moved to 10.0 °
01/15/2021 09:21:42 AM - [INFO] - (main.py).log_message(299) - Global Settings Read from File
01/15/2021 09:21:42 AM - [INFO] - (main.py).log_message(299) - Motor is moving
01/15/2021 09:21:42 AM - [INFO] - (main.py).log_message(299) - Motor moved to 10.0 °
01/15/2021 09:21:48 AM - [INFO] - (main.py).log_message(299) - Global Settings Read from File
01/15/2021 09:21:48 AM - [INFO] - (main.py).log_message(299) - Motor is moving
01/15/2021 09:21:55 AM - [INFO] - (main.py).log_message(299) - Motor moved to 45.0 °
01/15/2021 09:22:00 AM - [INFO] - (main.py).log_message(299) - Global Settings Read from File
01/15/2021 09:22:00 AM - [INFO] - (main.py).log_message(299) - Motor is moving
01/15/2021 09:22:24 AM - [INFO] - (main.py).log_message(299) - Global Settings Read from File
01/15/2021 09:22:24 AM - [INFO] - (main.py).log_message(299) - Motor is moving
01/15/2021 09:22:37 AM - [INFO] - (main.py).log_message(299) - Global Settings Read from File
01/15/2021 09:22:37 AM - [INFO] - (main.py).log_message(299) - Motor is moving
01/15/2021 09:22:48 AM - [INFO] - (main.py).log_message(299) - Motor moved to 50.0 °
01/15/2021 09:22:54 AM - [INFO] - (main.py).log_message(299) - Global Settings Read from File
01/15/2021 09:22:54 AM - [INFO] - (main.py).log_message(299) - Motor is moving
01/15/2021 09:22:55 AM - [INFO] - (main.py).log_message(299) - Motor moved to 45.0 °
01/15/2021 09:22:55 AM - [INFO] - (main.py).log_message(299) - Motor moved to 45.0 °
01/15/2021 09:23:04 AM - [INFO] - (main.py).log_message(299) - Switched to tab widget no. 1
01/15/2021 09:23:08 AM - [INFO] - (main.py).log_message(299) - Switched to tab widget no. 0
01/15/2021 09:23:09 AM - [INFO] - (main.py).log_message(299) - Switched to tab widget no. 2
01/15/2021 09:23:13 AM - [INFO] - (main.py).log_message(299) - Switched to tab widget no. 0
01/15/2021 09:24:54 AM - [INFO] - (main.py).log_message(299) - Switched to tab widget no. 3
01/15/2021 09:24:55 AM - [INFO] - (main.py).log_message(299) - Switched to tab widget no. 2
01/15/2021 09:24:57 AM - [INFO] - (main.py).log_message(299) - Setup parameters read
01/15/2021 09:24:58 AM - [INFO] - (main.py).log_message(299) - Folder path or batchname not defined
01/15/2021 09:25:00 AM - [INFO] - (main.py).log_message(299) - Switched to tab widget no. 0
01/15/2021 09:25:02 AM - [INFO] - (main.py).log_message(299) - Global Settings Read from File
01/15/2021 09:25:02 AM - [INFO] - (main.py).log_message(299) - Current tester successfully reinstanciated
01/15/2021 09:25:23 AM - [INFO] - (main.py).log_message(299) - Switched to tab widget no. 1
01/15/2021 09:25:33 AM - [INFO] - (main.py).log_message(299) - Switched to tab widget no. 3
01/15/2021 09:25:34 AM - [INFO] - (main.py).log_message(299) - Switched to tab widget no. 2
01/15/2021 09:25:37 AM - [INFO] - (main.py).log_message(299) - Switched to tab widget no. 3
01/15/2021 09:26:05 AM - [INFO] - (main.py).log_message(299) - Setup parameters read
01/15/2021 09:26:05 AM - [INFO] - (main.py).log_message(299) - Autotube paremeters read
01/15/2021 09:26:05 AM - [INFO] - (main.py).log_message(299) - Goniometer parameters read
01/15/2021 09:26:05 AM - [INFO] - (main.py).log_message(299) - Global Settings Read from File
01/15/2021 09:26:05 AM - [INFO] - (main.py).log_message(299) - Goniometer measurement started
01/15/2021 09:33:34 AM - [INFO] - (main.py).log_message(299) - Global Settings Read from File
01/15/2021 09:33:34 AM - [INFO] - (main.py).log_message(299) - Motor could not be turned off correctly
01/15/2021 09:35:00 AM - [INFO] - (main.py).log_message(301) - Initialising Program
01/15/2021 09:35:00 AM - [INFO] - (main.py).log_message(301) - Global Settings Read from File
01/15/2021 09:37:12 AM - [INFO] - (main.py).log_message(299) - Initialising Program
01/15/2021 09:37:12 AM - [INFO] - (main.py).log_message(299) - Global Settings Read from File
01/15/2021 09:39:51 AM - [INFO] - (main.py).log_message(301) - Initialising Program
01/15/2021 09:39:51 AM - [INFO] - (main.py).log_message(301) - Global Settings Read from File
01/15/2021 09:41:06 AM - [INFO] - (main.py).log_message(301) - Initialising Program
01/15/2021 09:41:06 AM - [INFO] - (main.py).log_message(301) - Global Settings Read from File
01/15/2021 09:41:10 AM - [INFO] - (main.py).log_message(301) - Program ready
01/15/2021 09:41:12 AM - [INFO] - (main.py).log_message(301) - Switched to tab widget no. 3
01/15/2021 09:41:17 AM - [INFO] - (main.py).log_message(301) - Global Settings Read from File
01/15/2021 09:41:17 AM - [INFO] - (main.py).log_message(301) - Motor is moving
01/15/2021 09:41:17 AM - [INFO] - (main.py).log_message(301) - Motor moved to 45.0 °
01/15/2021 09:41:20 AM - [INFO] - (main.py).log_message(301) - Switched to tab widget no. 2
01/15/2021 09:41:24 AM - [INFO] - (main.py).log_message(301) - Switched to tab widget no. 1
01/15/2021 09:41:25 AM - [INFO] - (main.py).log_message(301) - Switched to tab widget no. 3
01/15/2021 09:41:26 AM - [INFO] - (main.py).log_message(301) - Switched to tab widget no. 2
01/15/2021 09:41:26 AM - [INFO] - (main.py).log_message(301) - Switched to tab widget no. 1
01/15/2021 09:41:27 AM - [INFO] - (main.py).log_message(301) - Switched to tab widget no. 3
01/15/2021 09:41:28 AM - [INFO] - (main.py).log_message(301) - Switched to tab widget no. 0
01/15/2021 09:41:33 AM - [INFO] - (main.py).log_message(301) - Switched to tab widget no. 3
01/15/2021 09:42:36 AM - [INFO] - (main.py).log_message(301) - Setup parameters read
01/15/2021 09:42:36 AM - [INFO] - (main.py).log_message(301) - Autotube paremeters read
01/15/2021 09:42:36 AM - [INFO] - (main.py).log_message(301) - Goniometer parameters read
01/15/2021 09:42:36 AM - [INFO] - (main.py).log_message(301) - Global Settings Read from File
01/15/2021 09:42:36 AM - [INFO] - (main.py).log_message(301) - Goniometer measurement started
01/15/2021 09:51:29 AM - [INFO] - (main.py).log_message(301) - Initialising Program
01/15/2021 09:51:29 AM - [INFO] - (main.py).log_message(301) - Global Settings Read from File
01/15/2021 09:51:53 AM - [INFO] - (main.py).log_message(301) - Initialising Program
01/15/2021 09:51:53 AM - [INFO] - (main.py).log_message(301) - Global Settings Read from File
01/15/2021 09:51:56 AM - [INFO] - (main.py).log_message(301) - Program ready
01/15/2021 09:51:58 AM - [INFO] - (main.py).log_message(301) - Switched to tab widget no. 3
01/15/2021 09:52:12 AM - [INFO] - (main.py).log_message(301) - Switched to tab widget no. 0
01/15/2021 09:52:16 AM - [INFO] - (main.py).log_message(301) - Switched to tab widget no. 3
01/15/2021 09:52:18 AM - [INFO] - (main.py).log_message(301) - Setup parameters read
01/15/2021 09:52:18 AM - [INFO] - (main.py).log_message(301) - Autotube paremeters read
01/15/2021 09:52:18 AM - [INFO] - (main.py).log_message(301) - Goniometer parameters read
01/15/2021 09:52:18 AM - [INFO] - (main.py).log_message(301) - Global Settings Read from File
01/15/2021 09:52:18 AM - [INFO] - (main.py).log_message(301) - Goniometer measurement started
01/15/2021 09:55:25 AM - [INFO] - (main.py).log_message(301) - Global Settings Read from File
01/15/2021 09:55:25 AM - [INFO] - (main.py).log_message(301) - Motor could not be turned off correctly
01/15/2021 09:59:16 AM - [INFO] - (main.py).log_message(301) - Initialising Program
01/15/2021 09:59:16 AM - [INFO] - (main.py).log_message(301) - Global Settings Read from File
01/15/2021 09:59:56 AM - [INFO] - (main.py).log_message(301) - Initialising Program
01/15/2021 09:59:56 AM - [INFO] - (main.py).log_message(301) - Global Settings Read from File
01/15/2021 10:01:40 AM - [INFO] - (main.py).log_message(301) - Initialising Program
01/15/2021 10:01:40 AM - [INFO] - (main.py).log_message(301) - Global Settings Read from File
01/15/2021 10:02:07 AM - [INFO] - (main.py).log_message(301) - Initialising Program
01/15/2021 10:02:07 AM - [INFO] - (main.py).log_message(301) - Global Settings Read from File
01/15/2021 10:02:52 AM - [INFO] - (main.py).log_message(301) - Initialising Program
01/15/2021 10:02:52 AM - [INFO] - (main.py).log_message(301) - Global Settings Read from File
01/15/2021 10:02:56 AM - [INFO] - (main.py).log_message(301) - Program ready
01/15/2021 10:03:02 AM - [INFO] - (main.py).log_message(301) - Switched to tab widget no. 1
01/15/2021 10:03:03 AM - [INFO] - (main.py).log_message(301) - Switched to tab widget no. 2
01/15/2021 10:03:14 AM - [INFO] - (main.py).log_message(301) - Voltage Changed to 0.1 V
01/15/2021 10:03:15 AM - [INFO] - (main.py).log_message(301) - Voltage Changed to 0.0 V
01/15/2021 10:03:15 AM - [INFO] - (main.py).log_message(301) - Voltage Changed to -0.1 V
01/15/2021 10:03:16 AM - [INFO] - (main.py).log_message(301) - Voltage Changed to 0.0 V
01/15/2021 10:03:18 AM - [INFO] - (main.py).log_message(301) - Voltage Changed to -0.1 V
01/15/2021 10:03:18 AM - [INFO] - (main.py).log_message(301) - Voltage Changed to -0.2 V
01/15/2021 10:03:19 AM - [INFO] - (main.py).log_message(301) - Voltage Changed to -0.3 V
01/15/2021 10:03:20 AM - [INFO] - (main.py).log_message(301) - Voltage Changed to -0.2 V
01/15/2021 10:03:21 AM - [INFO] - (main.py).log_message(301) - Voltage Changed to -0.1 V
01/15/2021 10:03:21 AM - [INFO] - (main.py).log_message(301) - Voltage Changed to -0.0 V
01/15/2021 10:03:22 AM - [INFO] - (main.py).log_message(301) - Switched to tab widget no. 0
01/15/2021 10:03:28 AM - [INFO] - (main.py).log_message(301) - Switched to tab widget no. 3
01/15/2021 10:03:31 AM - [INFO] - (main.py).log_message(301) - Global Settings Read from File
01/15/2021 10:03:31 AM - [INFO] - (main.py).log_message(301) - Motor is moving
01/15/2021 10:03:39 AM - [INFO] - (main.py).log_message(301) - Motor moved to 5.0 °
01/15/2021 10:04:07 AM - [INFO] - (main.py).log_message(301) - Setup parameters read
01/15/2021 10:04:07 AM - [INFO] - (main.py).log_message(301) - Autotube paremeters read
01/15/2021 10:04:07 AM - [INFO] - (main.py).log_message(301) - Goniometer parameters read
01/15/2021 10:04:07 AM - [INFO] - (main.py).log_message(301) - Global Settings Read from File
01/15/2021 10:04:07 AM - [INFO] - (main.py).log_message(301) - Goniometer measurement started
01/15/2021 10:06:41 AM - [INFO] - (main.py).log_message(301) - Initialising Program
01/15/2021 10:06:41 AM - [INFO] - (main.py).log_message(301) - Global Settings Read from File
01/15/2021 10:10:13 AM - [INFO] - (main.py).log_message(316) - Initialising Program
01/15/2021 10:10:51 AM - [INFO] - (main.py).log_message(316) - Global Settings Read from File
01/15/2021 10:17:46 AM - [INFO] - (main.py).log_message(318) - Initialising Program
01/15/2021 10:17:46 AM - [INFO] - (main.py).log_message(318) - Global Settings Read from File
01/15/2021 10:18:22 AM - [INFO] - (main.py).log_message(318) - Motor could not be initialised!
01/15/2021 10:21:36 AM - [INFO] - (main.py).log_message(328) - Initialising Program
01/15/2021 10:21:36 AM - [INFO] - (main.py).log_message(328) - Global Settings Read from File
01/15/2021 10:28:17 AM - [INFO] - (main.py).log_message(353) - Initialising Program
01/15/2021 10:28:17 AM - [INFO] - (main.py).log_message(353) - Global Settings Read from File
01/15/2021 10:28:20 AM - [INFO] - (main.py).log_message(353) - Motor successfully initialised
01/15/2021 10:28:20 AM - [INFO] - (main.py).log_message(353) - Spectrometer successfully initiliased
01/15/2021 10:28:20 AM - [INFO] - (main.py).log_message(353) - Keithley SourceMeter successfully initialised
01/15/2021 10:28:20 AM - [INFO] - (main.py).log_message(353) - Keithley Multimeter successfully initialised
01/15/2021 10:32:50 AM - [INFO] - (main.py).log_message(353) - Program ready
01/15/2021 10:33:01 AM - [INFO] - (main.py).log_message(353) - Switched to tab widget no. 3
01/15/2021 10:33:12 AM - [INFO] - (main.py).log_message(353) - Setup parameters read
01/15/2021 10:33:12 AM - [INFO] - (main.py).log_message(353) - Autotube paremeters read
01/15/2021 10:33:12 AM - [INFO] - (main.py).log_message(353) - Goniometer parameters read
01/15/2021 10:33:12 AM - [INFO] - (main.py).log_message(353) - Global Settings Read from File
01/15/2021 10:33:12 AM - [INFO] - (main.py).log_message(353) - Goniometer measurement started
